  tinyxml2.cpp
  View.cpp
c:\users\sam\documents\github\cpsc-4377-spring-2019-final-quest-willis_barnes_team_master_swordz\advanced game programming\advanced game programming\source\view.h(7): fatal error C1083: Cannot open include file: 'SDL.h': No such file or directory
  Timer.cpp
c:\users\sam\documents\github\cpsc-4377-spring-2019-final-quest-willis_barnes_team_master_swordz\advanced game programming\advanced game programming\source\timer.h(9): fatal error C1083: Cannot open include file: 'SDL.h': No such file or directory
  TimeDestructComponent.cpp
c:\users\sam\documents\github\cpsc-4377-spring-2019-final-quest-willis_barnes_team_master_swordz\advanced game programming\advanced game programming\source\object.h(7): fatal error C1083: Cannot open include file: 'SDL.h': No such file or directory
  Texture.cpp
c:\users\sam\documents\github\cpsc-4377-spring-2019-final-quest-willis_barnes_team_master_swordz\advanced game programming\advanced game programming\source\texture.h(10): fatal error C1083: Cannot open include file: 'SDL.h': No such file or directory
  Task.cpp
c:\users\sam\documents\github\cpsc-4377-spring-2019-final-quest-willis_barnes_team_master_swordz\advanced game programming\advanced game programming\source\object.h(7): fatal error C1083: Cannot open include file: 'SDL.h': No such file or directory
  Stop.cpp
c:\users\sam\documents\github\cpsc-4377-spring-2019-final-quest-willis_barnes_team_master_swordz\advanced game programming\advanced game programming\source\object.h(7): fatal error C1083: Cannot open include file: 'SDL.h': No such file or directory
  SpriteComponent.cpp
c:\users\sam\documents\github\cpsc-4377-spring-2019-final-quest-willis_barnes_team_master_swordz\advanced game programming\advanced game programming\source\texture.h(10): fatal error C1083: Cannot open include file: 'SDL.h': No such file or directory
  Shoot.cpp
c:\users\sam\documents\github\cpsc-4377-spring-2019-final-quest-willis_barnes_team_master_swordz\advanced game programming\advanced game programming\source\object.h(7): fatal error C1083: Cannot open include file: 'SDL.h': No such file or directory
  Sequence.cpp
c:\users\sam\documents\github\cpsc-4377-spring-2019-final-quest-willis_barnes_team_master_swordz\advanced game programming\advanced game programming\source\object.h(7): fatal error C1083: Cannot open include file: 'SDL.h': No such file or directory
  Selector.cpp
c:\users\sam\documents\github\cpsc-4377-spring-2019-final-quest-willis_barnes_team_master_swordz\advanced game programming\advanced game programming\source\object.h(7): fatal error C1083: Cannot open include file: 'SDL.h': No such file or directory
  RayCast.cpp
c:\users\sam\documents\github\cpsc-4377-spring-2019-final-quest-willis_barnes_team_master_swordz\advanced game programming\advanced game programming\source\raycast.h(5): fatal error C1083: Cannot open include file: 'Box2D.h': No such file or directory
  PhysicsDevice.cpp
c:\users\sam\documents\github\cpsc-4377-spring-2019-final-quest-willis_barnes_team_master_swordz\advanced game programming\advanced game programming\source\physicsdevice.h(6): fatal error C1083: Cannot open include file: 'Box2d.h': No such file or directory
  Patrol.cpp
c:\users\sam\documents\github\cpsc-4377-spring-2019-final-quest-willis_barnes_team_master_swordz\advanced game programming\advanced game programming\source\objectfactory.h(6): fatal error C1083: Cannot open include file: 'tinyxml2.h': No such file or directory
  ObjectFactory.cpp
c:\users\sam\documents\github\cpsc-4377-spring-2019-final-quest-willis_barnes_team_master_swordz\advanced game programming\advanced game programming\source\objectfactory.h(6): fatal error C1083: Cannot open include file: 'tinyxml2.h': No such file or directory
  Object.cpp
c:\users\sam\documents\github\cpsc-4377-spring-2019-final-quest-willis_barnes_team_master_swordz\advanced game programming\advanced game programming\source\object.h(7): fatal error C1083: Cannot open include file: 'SDL.h': No such file or directory
  main.cpp
c:\users\sam\documents\github\cpsc-4377-spring-2019-final-quest-willis_barnes_team_master_swordz\advanced game programming\advanced game programming\source\engine.h(8): fatal error C1083: Cannot open include file: 'tinyxml2.h': No such file or directory
  Library.cpp
c:\users\sam\documents\github\cpsc-4377-spring-2019-final-quest-willis_barnes_team_master_swordz\advanced game programming\advanced game programming\source\library.cpp(4): fatal error C1083: Cannot open include file: 'tinyxml2.h': No such file or directory
  LeafTask.cpp
c:\users\sam\documents\github\cpsc-4377-spring-2019-final-quest-willis_barnes_team_master_swordz\advanced game programming\advanced game programming\source\object.h(7): fatal error C1083: Cannot open include file: 'SDL.h': No such file or directory
  InRange.cpp
c:\users\sam\documents\github\cpsc-4377-spring-2019-final-quest-willis_barnes_team_master_swordz\advanced game programming\advanced game programming\source\object.h(7): fatal error C1083: Cannot open include file: 'SDL.h': No such file or directory
  Generating Code...
  Compiling...
  InputDevice.cpp
c:\users\sam\documents\github\cpsc-4377-spring-2019-final-quest-willis_barnes_team_master_swordz\advanced game programming\advanced game programming\source\inputdevice.h(7): fatal error C1083: Cannot open include file: 'SDL.h': No such file or directory
  InputComponent.cpp
c:\users\sam\documents\github\cpsc-4377-spring-2019-final-quest-willis_barnes_team_master_swordz\advanced game programming\advanced game programming\source\inputdevice.h(7): fatal error C1083: Cannot open include file: 'SDL.h': No such file or directory
  GraphicsDevice.cpp
c:\users\sam\documents\github\cpsc-4377-spring-2019-final-quest-willis_barnes_team_master_swordz\advanced game programming\advanced game programming\source\graphicsdevice.h(12): fatal error C1083: Cannot open include file: 'SDL.h': No such file or directory
  Engine.cpp
c:\users\sam\documents\github\cpsc-4377-spring-2019-final-quest-willis_barnes_team_master_swordz\advanced game programming\advanced game programming\source\engine.h(8): fatal error C1083: Cannot open include file: 'tinyxml2.h': No such file or directory
  EnemyVisible.cpp
c:\users\sam\documents\github\cpsc-4377-spring-2019-final-quest-willis_barnes_team_master_swordz\advanced game programming\advanced game programming\source\object.h(7): fatal error C1083: Cannot open include file: 'SDL.h': No such file or directory
  ContactListener.cpp
c:\users\sam\documents\github\cpsc-4377-spring-2019-final-quest-willis_barnes_team_master_swordz\advanced game programming\advanced game programming\source\contactlistener.h(5): fatal error C1083: Cannot open include file: 'Box2D.h': No such file or directory
  Components.cpp
c:\users\sam\documents\github\cpsc-4377-spring-2019-final-quest-willis_barnes_team_master_swordz\advanced game programming\advanced game programming\source\object.h(7): fatal error C1083: Cannot open include file: 'SDL.h': No such file or directory
  Chase.cpp
c:\users\sam\documents\github\cpsc-4377-spring-2019-final-quest-willis_barnes_team_master_swordz\advanced game programming\advanced game programming\source\object.h(7): fatal error C1083: Cannot open include file: 'SDL.h': No such file or directory
  BranchTask.cpp
c:\users\sam\documents\github\cpsc-4377-spring-2019-final-quest-willis_barnes_team_master_swordz\advanced game programming\advanced game programming\source\object.h(7): fatal error C1083: Cannot open include file: 'SDL.h': No such file or directory
  BodyComponent.cpp
c:\users\sam\documents\github\cpsc-4377-spring-2019-final-quest-willis_barnes_team_master_swordz\advanced game programming\advanced game programming\source\objectfactory.h(6): fatal error C1083: Cannot open include file: 'tinyxml2.h': No such file or directory
  BehaviorTree.cpp
c:\users\sam\documents\github\cpsc-4377-spring-2019-final-quest-willis_barnes_team_master_swordz\advanced game programming\advanced game programming\source\object.h(7): fatal error C1083: Cannot open include file: 'SDL.h': No such file or directory
  BehaviorComponent2.cpp
c:\users\sam\documents\github\cpsc-4377-spring-2019-final-quest-willis_barnes_team_master_swordz\advanced game programming\advanced game programming\source\object.h(7): fatal error C1083: Cannot open include file: 'SDL.h': No such file or directory
  BehaviorComponent1.cpp
c:\users\sam\documents\github\cpsc-4377-spring-2019-final-quest-willis_barnes_team_master_swordz\advanced game programming\advanced game programming\source\objectfactory.h(6): fatal error C1083: Cannot open include file: 'tinyxml2.h': No such file or directory
  AudioDevice.cpp
  Generating Code...
