  C:\Users\hailn\Documents\Programming\cpsc-4377-spring-2019-quest-5-willis_barnes_team_master_swordz\Advanced Game Programming\Advanced Game Programming\ThirdParty\SDL2\lib\x86\SDL2.dll
          1 file(s) copied.
  C:\Users\hailn\Documents\Programming\cpsc-4377-spring-2019-quest-5-willis_barnes_team_master_swordz\Advanced Game Programming\Advanced Game Programming\ThirdParty\SDL2_image\lib\x86\libjpeg-9.dll
  C:\Users\hailn\Documents\Programming\cpsc-4377-spring-2019-quest-5-willis_barnes_team_master_swordz\Advanced Game Programming\Advanced Game Programming\ThirdParty\SDL2_image\lib\x86\libpng16-16.dll
  C:\Users\hailn\Documents\Programming\cpsc-4377-spring-2019-quest-5-willis_barnes_team_master_swordz\Advanced Game Programming\Advanced Game Programming\ThirdParty\SDL2_image\lib\x86\libtiff-5.dll
  C:\Users\hailn\Documents\Programming\cpsc-4377-spring-2019-quest-5-willis_barnes_team_master_swordz\Advanced Game Programming\Advanced Game Programming\ThirdParty\SDL2_image\lib\x86\libwebp-7.dll
  C:\Users\hailn\Documents\Programming\cpsc-4377-spring-2019-quest-5-willis_barnes_team_master_swordz\Advanced Game Programming\Advanced Game Programming\ThirdParty\SDL2_image\lib\x86\SDL2_image.dll
  C:\Users\hailn\Documents\Programming\cpsc-4377-spring-2019-quest-5-willis_barnes_team_master_swordz\Advanced Game Programming\Advanced Game Programming\ThirdParty\SDL2_image\lib\x86\zlib1.dll
          6 file(s) copied.
  C:\Users\hailn\Documents\Programming\cpsc-4377-spring-2019-quest-5-willis_barnes_team_master_swordz\Advanced Game Programming\Advanced Game Programming\ThirdParty\SDL2_ttf-2.0.15\lib\x86\libfreetype-6.dll
  C:\Users\hailn\Documents\Programming\cpsc-4377-spring-2019-quest-5-willis_barnes_team_master_swordz\Advanced Game Programming\Advanced Game Programming\ThirdParty\SDL2_ttf-2.0.15\lib\x86\SDL2_ttf.dll
  C:\Users\hailn\Documents\Programming\cpsc-4377-spring-2019-quest-5-willis_barnes_team_master_swordz\Advanced Game Programming\Advanced Game Programming\ThirdParty\SDL2_ttf-2.0.15\lib\x86\zlib1.dll
          3 file(s) copied.
  GraphicsDevice.cpp
  Advanced Game Programming.vcxproj -> C:\Users\hailn\Documents\Programming\cpsc-4377-spring-2019-quest-5-willis_barnes_team_master_swordz\Advanced Game Programming\Advanced Game Programming\Game\Advanced Game Programming.exe
  Invalid switch - /Y;
  C:\Users\hailn\Documents\Programming\cpsc-4377-spring-2019-quest-5-willis_barnes_team_master_swordz\Advanced Game Programming\Advanced Game Programming\libfreetype-6.dll
  C:\Users\hailn\Documents\Programming\cpsc-4377-spring-2019-quest-5-willis_barnes_team_master_swordz\Advanced Game Programming\Advanced Game Programming\libjpeg-9.dll
  C:\Users\hailn\Documents\Programming\cpsc-4377-spring-2019-quest-5-willis_barnes_team_master_swordz\Advanced Game Programming\Advanced Game Programming\libpng16-16.dll
  C:\Users\hailn\Documents\Programming\cpsc-4377-spring-2019-quest-5-willis_barnes_team_master_swordz\Advanced Game Programming\Advanced Game Programming\libtiff-5.dll
  C:\Users\hailn\Documents\Programming\cpsc-4377-spring-2019-quest-5-willis_barnes_team_master_swordz\Advanced Game Programming\Advanced Game Programming\libwebp-7.dll
  C:\Users\hailn\Documents\Programming\cpsc-4377-spring-2019-quest-5-willis_barnes_team_master_swordz\Advanced Game Programming\Advanced Game Programming\SDL2.dll
  C:\Users\hailn\Documents\Programming\cpsc-4377-spring-2019-quest-5-willis_barnes_team_master_swordz\Advanced Game Programming\Advanced Game Programming\SDL2_image.dll
  C:\Users\hailn\Documents\Programming\cpsc-4377-spring-2019-quest-5-willis_barnes_team_master_swordz\Advanced Game Programming\Advanced Game Programming\SDL2_ttf.dll
  C:\Users\hailn\Documents\Programming\cpsc-4377-spring-2019-quest-5-willis_barnes_team_master_swordz\Advanced Game Programming\Advanced Game Programming\zlib1.dll
          9 file(s) moved.
