c:\users\hailn\documents\programming\cpsc-4377-quest-1-willis_barnes_team_master_sword\advanced game programming\temp\vc141.pdb
c:\users\hailn\documents\programming\cpsc-4377-quest-2-willis_barnes_team_master_sword\advanced game programming\temp\vc141.pdb
c:\users\hailn\documents\programming\cpsc-4377-quest-2-willis_barnes_team_master_sword\advanced game programming\temp\vc141.idb
c:\users\hailn\documents\programming\cpsc-4377-quest-2-willis_barnes_team_master_sword\advanced game programming\temp\wallfactory.obj
c:\users\hailn\documents\programming\cpsc-4377-quest-2-willis_barnes_team_master_sword\advanced game programming\temp\wall.obj
c:\users\hailn\documents\programming\cpsc-4377-quest-2-willis_barnes_team_master_sword\advanced game programming\temp\treefactory.obj
c:\users\hailn\documents\programming\cpsc-4377-quest-2-willis_barnes_team_master_sword\advanced game programming\temp\tree.obj
c:\users\hailn\documents\programming\cpsc-4377-quest-2-willis_barnes_team_master_sword\advanced game programming\temp\playerfactory.obj
c:\users\hailn\documents\programming\cpsc-4377-quest-2-willis_barnes_team_master_sword\advanced game programming\temp\player.obj
c:\users\hailn\documents\programming\cpsc-4377-quest-2-willis_barnes_team_master_sword\advanced game programming\temp\octorokfactory.obj
c:\users\hailn\documents\programming\cpsc-4377-quest-2-willis_barnes_team_master_sword\advanced game programming\temp\octorok.obj
c:\users\hailn\documents\programming\cpsc-4377-quest-2-willis_barnes_team_master_sword\advanced game programming\temp\objectfactory.obj
c:\users\hailn\documents\programming\cpsc-4377-quest-2-willis_barnes_team_master_sword\advanced game programming\temp\object.obj
c:\users\hailn\documents\programming\cpsc-4377-quest-2-willis_barnes_team_master_sword\advanced game programming\temp\moblinfactory.obj
c:\users\hailn\documents\programming\cpsc-4377-quest-2-willis_barnes_team_master_sword\advanced game programming\temp\moblin.obj
c:\users\hailn\documents\programming\cpsc-4377-quest-2-willis_barnes_team_master_sword\advanced game programming\temp\main.obj
c:\users\hailn\documents\programming\cpsc-4377-quest-2-willis_barnes_team_master_sword\advanced game programming\temp\library.obj
c:\users\hailn\documents\programming\cpsc-4377-quest-2-willis_barnes_team_master_sword\advanced game programming\temp\engine.obj
c:\users\hailn\documents\programming\cpsc-4377-quest-2-willis_barnes_team_master_sword\advanced game programming\temp\tinyxml2.obj
c:\users\hailn\documents\programming\cpsc-4377-quest-2-willis_barnes_team_master_sword\advanced game programming\temp\view.obj
c:\users\hailn\documents\programming\cpsc-4377-quest-2-willis_barnes_team_master_sword\advanced game programming\temp\timer.obj
c:\users\hailn\documents\programming\cpsc-4377-quest-2-willis_barnes_team_master_sword\advanced game programming\temp\inputdevice.obj
c:\users\hailn\documents\programming\cpsc-4377-quest-1-willis_barnes_team_master_sword\advanced game programming\game\advanced game programming.ilk
c:\users\hailn\documents\programming\cpsc-4377-quest-1-willis_barnes_team_master_sword\advanced game programming\game\advanced game programming.exe
c:\users\hailn\documents\programming\cpsc-4377-quest-1-willis_barnes_team_master_sword\advanced game programming\game\advanced game programming.pdb
c:\users\hailn\documents\programming\cpsc-4377-quest-2-willis_barnes_team_master_sword\advanced game programming\game\advanced game programming.ilk
c:\users\hailn\documents\programming\cpsc-4377-quest-2-willis_barnes_team_master_sword\advanced game programming\game\advanced game programming.exe
c:\users\hailn\documents\programming\cpsc-4377-quest-2-willis_barnes_team_master_sword\advanced game programming\game\advanced game programming.pdb
c:\users\sam\documents\github\cpsc-4377-quest-2-willis_barnes_team_master_sword\advanced game programming\temp\engine.obj
c:\users\sam\documents\github\cpsc-4377-quest-2-willis_barnes_team_master_sword\advanced game programming\temp\inputdevice.obj
c:\users\sam\documents\github\cpsc-4377-quest-2-willis_barnes_team_master_sword\advanced game programming\temp\library.obj
c:\users\sam\documents\github\cpsc-4377-quest-2-willis_barnes_team_master_sword\advanced game programming\temp\main.obj
c:\users\sam\documents\github\cpsc-4377-quest-2-willis_barnes_team_master_sword\advanced game programming\temp\moblin.obj
c:\users\sam\documents\github\cpsc-4377-quest-2-willis_barnes_team_master_sword\advanced game programming\temp\moblinfactory.obj
c:\users\sam\documents\github\cpsc-4377-quest-2-willis_barnes_team_master_sword\advanced game programming\temp\object.obj
c:\users\sam\documents\github\cpsc-4377-quest-2-willis_barnes_team_master_sword\advanced game programming\temp\objectfactory.obj
c:\users\sam\documents\github\cpsc-4377-quest-2-willis_barnes_team_master_sword\advanced game programming\temp\octorok.obj
c:\users\sam\documents\github\cpsc-4377-quest-2-willis_barnes_team_master_sword\advanced game programming\temp\octorokfactory.obj
c:\users\sam\documents\github\cpsc-4377-quest-2-willis_barnes_team_master_sword\advanced game programming\temp\player.obj
c:\users\sam\documents\github\cpsc-4377-quest-2-willis_barnes_team_master_sword\advanced game programming\temp\playerfactory.obj
c:\users\sam\documents\github\cpsc-4377-quest-2-willis_barnes_team_master_sword\advanced game programming\temp\timer.obj
c:\users\sam\documents\github\cpsc-4377-quest-2-willis_barnes_team_master_sword\advanced game programming\temp\tinyxml2.obj
c:\users\sam\documents\github\cpsc-4377-quest-2-willis_barnes_team_master_sword\advanced game programming\temp\tree.obj
c:\users\sam\documents\github\cpsc-4377-quest-2-willis_barnes_team_master_sword\advanced game programming\temp\treefactory.obj
c:\users\sam\documents\github\cpsc-4377-quest-2-willis_barnes_team_master_sword\advanced game programming\temp\wall.obj
c:\users\sam\documents\github\cpsc-4377-quest-2-willis_barnes_team_master_sword\advanced game programming\temp\wallfactory.obj
c:\users\sam\documents\github\cpsc-4377-quest-2-willis_barnes_team_master_sword\advanced game programming\temp\vc141.idb
c:\users\sam\documents\github\cpsc-4377-quest-2-willis_barnes_team_master_sword\advanced game programming\temp\vc141.pdb
c:\users\sam\documents\github\cpsc-4377-quest-2-willis_barnes_team_master_sword\advanced game programming\game\advanced game programming.pdb
c:\users\sam\documents\github\cpsc-4377-quest-2-willis_barnes_team_master_sword\advanced game programming\game\advanced game programming.exe
c:\users\sam\documents\github\cpsc-4377-quest-2-willis_barnes_team_master_sword\advanced game programming\game\advanced game programming.ilk
c:\users\sam\documents\github\cpsc-4377-quest-2-willis_barnes_team_master_sword\advanced game programming\temp\advanced.33156de6.tlog\cl.command.1.tlog
c:\users\sam\documents\github\cpsc-4377-quest-2-willis_barnes_team_master_sword\advanced game programming\temp\advanced.33156de6.tlog\cl.read.1.tlog
c:\users\sam\documents\github\cpsc-4377-quest-2-willis_barnes_team_master_sword\advanced game programming\temp\advanced.33156de6.tlog\cl.write.1.tlog
c:\users\sam\documents\github\cpsc-4377-quest-2-willis_barnes_team_master_sword\advanced game programming\temp\advanced.33156de6.tlog\link.command.1.tlog
c:\users\sam\documents\github\cpsc-4377-quest-2-willis_barnes_team_master_sword\advanced game programming\temp\advanced.33156de6.tlog\link.read.1.tlog
c:\users\sam\documents\github\cpsc-4377-quest-2-willis_barnes_team_master_sword\advanced game programming\temp\advanced.33156de6.tlog\link.write.1.tlog
